  zutil.c
  uncompr.c
  trees.c
  testzlib.c
  inftrees.c
  inflate.c
  inffast.c
  Assembler code may have bugs -- use at your own risk
  infback.c
  deflate.c
  Assembler code may have bugs -- use at your own risk
  crc32.c
  compress.c
  adler32.c
  Generating Code...
match686.obj : error LNK2026: module unsafe for SAFESEH image.
inffas32.obj : error LNK2026: module unsafe for SAFESEH image.
x86\TestZlibDebug\testzlib.exe : fatal error LNK1281: Unable to generate SAFESEH image.
